<?xml version="1.0" encoding="UTF-8"?>
<!-- Generated by org.testng.reporters.JUnitXMLReporter -->
<testsuite hostname="welcome-PC" ignored="12" name="Test" tests="10" failures="4" timestamp="11 Mar 2018 17:42:37 GMT" time="514.255" errors="0">
  <testcase name="createLead" time="37.811" classname="testcases.TC003_CreateLead"/>
  <testcase name="createLead" time="34.87" classname="testcases.TC003_CreateLead"/>
  <testcase name="deleteLead" time="40.405" classname="testcases.TC004_DeleteLead"/>
  <testcase name="deleteLead" time="38.811" classname="testcases.TC004_DeleteLead"/>
  <testcase name="editLead" time="46.681" classname="testcases.TC005_EditLead"/>
  <testcase name="editLead" time="45.077" classname="testcases.TC005_EditLead"/>
  <testcase name="duplicateLead" time="37.508" classname="testcases.TC006_DuplicateLead">
    <failure type="java.lang.RuntimeException">
      <![CDATA[java.lang.RuntimeException
	at utils.Reporter.reportStep(Reporter.java:61)
	at utils.Reporter.reportStep(Reporter.java:71)
	at wdMethods.SeMethods.verifyExactText(SeMethods.java:224)
	at pages.ViewLeadsPage.verifyFirstName(ViewLeadsPage.java:30)
	at testcases.TC006_DuplicateLead.duplicateLead(TC006_DuplicateLead.java:39)
... Removed 25 stack frames]]>
    </failure>
  </testcase> <!-- duplicateLead -->
  <testcase name="duplicateLead" time="35.491" classname="testcases.TC006_DuplicateLead">
    <failure type="java.lang.RuntimeException">
      <![CDATA[java.lang.RuntimeException
	at utils.Reporter.reportStep(Reporter.java:61)
	at utils.Reporter.reportStep(Reporter.java:71)
	at wdMethods.SeMethods.verifyExactText(SeMethods.java:224)
	at pages.ViewLeadsPage.verifyFirstName(ViewLeadsPage.java:30)
	at testcases.TC006_DuplicateLead.duplicateLead(TC006_DuplicateLead.java:39)
... Removed 25 stack frames]]>
    </failure>
  </testcase> <!-- duplicateLead -->
  <testcase name="mergeLead" time="38.048" classname="testcases.TC007_MergeLead">
    <failure type="java.lang.RuntimeException">
      <![CDATA[java.lang.RuntimeException
	at utils.Reporter.reportStep(Reporter.java:61)
	at wdMethods.SeMethods.clickWithNoSnap(SeMethods.java:150)
	at pages.MergeLeadsPage.clickToIcon(MergeLeadsPage.java:36)
	at testcases.TC007_MergeLead.mergeLead(TC007_MergeLead.java:38)
... Removed 25 stack frames]]>
    </failure>
  </testcase> <!-- mergeLead -->
  <testcase name="mergeLead" time="36.88" classname="testcases.TC007_MergeLead">
    <failure type="java.lang.RuntimeException">
      <![CDATA[java.lang.RuntimeException
	at utils.Reporter.reportStep(Reporter.java:61)
	at wdMethods.SeMethods.clickWithNoSnap(SeMethods.java:150)
	at pages.MergeLeadsPage.clickToIcon(MergeLeadsPage.java:36)
	at testcases.TC007_MergeLead.mergeLead(TC007_MergeLead.java:38)
... Removed 25 stack frames]]>
    </failure>
  </testcase> <!-- mergeLead -->
  <testcase name="@AfterTest afterTest" time="0.0" classname="wdMethods.ProjectMethods">
    <ignored/>
  </testcase> <!-- @AfterTest afterTest -->
  <testcase name="@AfterTest afterTest" time="0.0" classname="wdMethods.ProjectMethods">
    <ignored/>
  </testcase> <!-- @AfterTest afterTest -->
  <testcase name="@AfterTest afterTest" time="0.0" classname="wdMethods.ProjectMethods">
    <ignored/>
  </testcase> <!-- @AfterTest afterTest -->
  <testcase name="@AfterTest afterTest" time="0.0" classname="wdMethods.ProjectMethods">
    <ignored/>
  </testcase> <!-- @AfterTest afterTest -->
  <testcase name="@BeforeSuite beforeSuite" time="0.0" classname="wdMethods.ProjectMethods">
    <ignored/>
  </testcase> <!-- @BeforeSuite beforeSuite -->
  <testcase name="@BeforeSuite beforeSuite" time="0.0" classname="wdMethods.ProjectMethods">
    <ignored/>
  </testcase> <!-- @BeforeSuite beforeSuite -->
  <testcase name="@BeforeSuite beforeSuite" time="0.0" classname="wdMethods.ProjectMethods">
    <ignored/>
  </testcase> <!-- @BeforeSuite beforeSuite -->
  <testcase name="@BeforeSuite beforeSuite" time="0.0" classname="wdMethods.ProjectMethods">
    <ignored/>
  </testcase> <!-- @BeforeSuite beforeSuite -->
  <testcase name="@AfterSuite afterSuite" time="0.0" classname="wdMethods.ProjectMethods">
    <ignored/>
  </testcase> <!-- @AfterSuite afterSuite -->
  <testcase name="@AfterSuite afterSuite" time="0.0" classname="wdMethods.ProjectMethods">
    <ignored/>
  </testcase> <!-- @AfterSuite afterSuite -->
  <testcase name="@AfterSuite afterSuite" time="0.0" classname="wdMethods.ProjectMethods">
    <ignored/>
  </testcase> <!-- @AfterSuite afterSuite -->
  <testcase name="@AfterSuite afterSuite" time="0.0" classname="wdMethods.ProjectMethods">
    <ignored/>
  </testcase> <!-- @AfterSuite afterSuite -->
</testsuite> <!-- Test -->
